1      src/tests/routers/posts_test.py::test_getPosts_NoContent FAILED ❌                                  [  0%]
2      src/tests/routers/posts_test.py::test_getPostById_BadRequest FAILED ❌                              [  1%]
3      src/tests/routers/posts_test.py::test_getPostById_NotFound FAILED ❌                                [  1%]
4      src/tests/routers/posts_test.py::test_getPostByCreator_NotFound FAILED ❌                           [  2%]
5      src/tests/routers/routines_test.py::test_getRoutines_NoContent FAILED ❌                            [  3%]
6      src/tests/routers/routines_test.py::test_getRoutineById_BadRequest FAILED ❌                        [  3%]
7      src/tests/routers/routines_test.py::test_getRoutineById_NotFound FAILED ❌                          [  4%]
8      src/tests/routers/routines_test.py::test_getRoutineByCreator_NotFound FAILED ❌                     [  5%]
9      src/tests/routers/usersTO_test.py::test_getUsersTO_NoContent FAILED ❌                              [  5%]
10      src/tests/routers/usersTO_test.py::test_getUserTOById_BadRequest FAILED ❌                          [  6%]
11      src/tests/routers/usersTO_test.py::test_getUserTOById_NotFound FAILED ❌                            [  7%]
12      src/tests/routers/usersTO_test.py::test_getUserTOByUsername_NotFound FAILED ❌                      [  7%]
13      src/tests/routers/usersTO_test.py::test_addUserTO_Created PASSED ✅                                 [  8%]
14      src/tests/routers/exercisesTO_test.py::test_getExercisesTO_NoContent FAILED ❌                      [  9%]
15      src/tests/routers/exercisesTO_test.py::test_getExerciseTOById_BadRequest FAILED ❌                  [  9%]
16      src/tests/routers/exercisesTO_test.py::test_getExerciseTOById_NotFound FAILED ❌                    [ 10%]
17      src/tests/routers/exercisesTO_test.py::test_getExercisesTOByCreator_NotFound FAILED ❌              [ 11%]
18      src/tests/routers/exercisesTO_test.py::test_getExercisesTOByCreator_NoContent FAILED ❌             [ 11%]
19      src/tests/routers/exercisesTO_test.py::test_getExerciseTOByName_NotFound FAILED ❌                  [ 12%]
20      src/tests/routers/exercisesTO_test.py::test_addExerciseTO_NotFoundUserTO FAILED ❌                  [ 12%]
21      src/tests/routers/exercisesTO_test.py::test_addExerciseTO_Created FAILED ❌                         [ 13%]
22      src/tests/routers/exercisesTO_test.py::test_addExerciseTO_Conflict FAILED ❌                        [ 14%]
23      src/tests/routers/exercisesTO_test.py::test_getExerciseTO_Ok FAILED ❌                              [ 14%]
24      src/tests/routers/exercisesTO_test.py::test_getExerciseTOById_Ok FAILED ❌                          [ 15%]
25      src/tests/routers/exercisesTO_test.py::test_getExercisesTOByCreator_Ok FAILED ❌                    [ 16%]
26      src/tests/routers/exercisesTO_test.py::test_getExerciseTOByName_Ok FAILED ❌                        [ 16%]
27      src/tests/routers/exercisesTO_test.py::test_updateExerciseTO_BadRequest FAILED ❌                   [ 17%]
28      src/tests/routers/exercisesTO_test.py::test_updateExerciseTO_NotFound FAILED ❌                     [ 18%]
29      src/tests/routers/exercisesTO_test.py::test_updateExerciseTO_Conflict FAILED ❌                     [ 18%]
30      src/tests/routers/exercisesTO_test.py::test_updateExerciseTO_Ok FAILED ❌                           [ 19%]
31      src/tests/routers/exercisesTO_test.py::test_deleteExerciseTO_BadRequest FAILED ❌                   [ 20%]
32      src/tests/routers/exercisesTO_test.py::test_deleteExerciseTO_NotFound FAILED ❌                     [ 20%]
33      src/tests/routers/exercisesTO_test.py::test_deleteExerciseTO_Ok FAILED ❌                           [ 21%]
34      src/tests/routers/routinesTO_test.py::test_getRoutinesTO_NoContent FAILED ❌                        [ 22%]
35      src/tests/routers/routinesTO_test.py::test_getRoutineTOById_BadRequest FAILED ❌                    [ 22%]
36      src/tests/routers/routinesTO_test.py::test_getRoutineTOById_NotFound FAILED ❌                      [ 23%]
37      src/tests/routers/routinesTO_test.py::test_getRoutinesTOByCreator_NotFound FAILED ❌                [ 24%]
38      src/tests/routers/routinesTO_test.py::test_getRoutinesTOByCreator_NoContent FAILED ❌               [ 24%]
39      src/tests/routers/routinesTO_test.py::test_getRoutinesTOByName_NotFound FAILED ❌                   [ 25%]
40      src/tests/routers/routinesTO_test.py::test_addRoutineTO_NotFoundUserTO FAILED ❌                    [ 25%]
41      src/tests/routers/routinesTO_test.py::test_addRoutineTO_Created FAILED ❌                           [ 26%]
42      src/tests/routers/routinesTO_test.py::test_getRoutineTO_Ok FAILED ❌                                [ 27%]
43      src/tests/routers/routinesTO_test.py::test_getRoutineTOById_Ok FAILED ❌                            [ 27%]
44      src/tests/routers/routinesTO_test.py::test_getRoutinesTOByCreator_Ok FAILED ❌                      [ 28%]
45      src/tests/routers/routinesTO_test.py::test_getRoutinesTOByName_Ok FAILED ❌                         [ 29%]
46      src/tests/routers/routinesTO_test.py::test_addExerciseTOToRoutineTO_BadRequestRoutineId FAILED ❌   [ 29%]
47      src/tests/routers/routinesTO_test.py::test_addExerciseTOToRoutineTO_BadRequestExerciseId FAILED ❌  [ 30%]
48      src/tests/routers/routinesTO_test.py::test_addExerciseTOToRoutineTO_NotFoundRoutineId FAILED ❌     [ 31%]
49      src/tests/routers/routinesTO_test.py::test_addExerciseTOToRoutineTO_NotFoundExerciseId FAILED ❌    [ 31%]
50      src/tests/routers/routinesTO_test.py::test_addExerciseTOToRoutineTO_Ok FAILED ❌                    [ 32%]
51      src/tests/routers/routinesTO_test.py::test_addExerciseTOToRoutineTO_Conflict FAILED ❌              [ 33%]
52      src/tests/routers/routinesTO_test.py::test_updateRoutineTO_BadRequest FAILED ❌                     [ 33%]
53      src/tests/routers/routinesTO_test.py::test_updateRoutineTO_NotFound FAILED ❌                       [ 34%]
54      src/tests/routers/routinesTO_test.py::test_updateRoutineTO_Ok FAILED ❌                             [ 35%]
55      src/tests/routers/routinesTO_test.py::test_deleteRoutineTO_BadRequest FAILED ❌                     [ 35%]
56      src/tests/routers/routinesTO_test.py::test_deleteRoutineTO_NotFound FAILED ❌                       [ 36%]
57      src/tests/routers/routinesTO_test.py::test_deleteRoutineTO_Ok FAILED ❌                             [ 37%]
58      src/tests/routers/usersTO_test.py::test_addUserTO_Conflict PASSED ✅                                [ 37%]
59      src/tests/routers/usersTO_test.py::test_getUserTO_Ok FAILED ❌                                      [ 38%]
60      src/tests/routers/usersTO_test.py::test_getUserTOById_Ok FAILED ❌                                  [ 38%]
61      src/tests/routers/usersTO_test.py::test_getUserTOByUsername_Ok FAILED ❌                            [ 39%]
62      src/tests/routers/usersTO_test.py::test_updateUserTO_BadRequest FAILED ❌                           [ 40%]
63      src/tests/routers/usersTO_test.py::test_updateUserTO_NotFound FAILED ❌                             [ 40%]
64      src/tests/routers/usersTO_test.py::test_updateUserTO_Conflict FAILED ❌                             [ 41%]
65      src/tests/routers/usersTO_test.py::test_updateUserTO_Ok FAILED ❌                                   [ 42%]
66      src/tests/routers/usersTO_test.py::test_deleteUserTO_BadRequest FAILED ❌                           [ 42%]
67      src/tests/routers/usersTO_test.py::test_deleteUserTO_NotFound FAILED ❌                             [ 43%]
68      src/tests/routers/usersTO_test.py::test_deleteUserTO_Ok FAILED ❌                                   [ 44%]
69      src/tests/routers/users_test.py::test_addUser_Created FAILED ❌                                     [ 44%]
70      src/tests/routers/posts_test.py::test_getPostByCreator_NoContent FAILED ❌                          [ 45%]
71      src/tests/routers/posts_test.py::test_addPost_NotFound FAILED ❌                                    [ 46%]
72      src/tests/routers/posts_test.py::test_addPost_Created FAILED ❌                                     [ 46%]
73      src/tests/routers/comments_test.py::test_getComments_NoContent FAILED ❌                            [ 47%]
74      src/tests/routers/comments_test.py::test_getCommentById_BadRequest FAILED ❌                        [ 48%]
75      src/tests/routers/comments_test.py::test_getCommentById_NotFound FAILED ❌                          [ 48%]
76      src/tests/routers/comments_test.py::test_getCommentsByCreator_NotFound FAILED ❌                    [ 49%]
77      src/tests/routers/comments_test.py::test_getCommentsByCreator_NoContent FAILED ❌                   [ 50%]
78      src/tests/routers/comments_test.py::test_getPostComments_BadRequest FAILED ❌                       [ 50%]
79      src/tests/routers/comments_test.py::test_getPostComments_NotFound FAILED ❌                         [ 51%]
80      src/tests/routers/comments_test.py::test_getPostComments_NoContent FAILED ❌                        [ 51%]
81      src/tests/routers/comments_test.py::test_addCommentToPost_PostIdBadRequest FAILED ❌                [ 52%]
82      src/tests/routers/comments_test.py::test_addCommentToPost_PostNotFound FAILED ❌                    [ 53%]
83      src/tests/routers/comments_test.py::test_addCommentToPost_UserNotFound FAILED ❌                    [ 53%]
84      src/tests/routers/comments_test.py::test_addCommentToPost_Ok FAILED ❌                              [ 54%]
85      src/tests/routers/comments_test.py::test_getComments_Ok FAILED ❌                                   [ 55%]
86      src/tests/routers/comments_test.py::test_getCommentById_Ok FAILED ❌                                [ 55%]
87      src/tests/routers/comments_test.py::test_getCommentsByCreator_Ok FAILED ❌                          [ 56%]
88      src/tests/routers/comments_test.py::test_getPostComments_Ok FAILED ❌                               [ 57%]
89      src/tests/routers/comments_test.py::test_udpateCommentFromPost_BadRequest FAILED ❌                 [ 57%]
90      src/tests/routers/comments_test.py::test_udpateCommentFromPost_CommentNotFound FAILED ❌            [ 58%]
91      src/tests/routers/comments_test.py::test_udpateCommentFromPost_PostNotFound FAILED ❌               [ 59%]
92      src/tests/routers/comments_test.py::test_udpateCommentFromPost_UserNotFound FAILED ❌               [ 59%]
93      src/tests/routers/comments_test.py::test_udpateCommentFromPost_Ok FAILED ❌                         [ 60%]
94      src/tests/routers/comments_test.py::test_deleteCommentFromPost_BadRequest FAILED ❌                 [ 61%]
95      src/tests/routers/comments_test.py::test_deleteCommentFromPost_CommentNotFound FAILED ❌            [ 61%]
96      src/tests/routers/comments_test.py::test_deleteCommentFromPost_Ok FAILED ❌                         [ 62%]
97      src/tests/routers/comments_test.py::test_deleteAllPostComments_BadRequest FAILED ❌                 [ 62%]
98      src/tests/routers/comments_test.py::test_deleteAllPostComments_NotFound FAILED ❌                   [ 63%]
99      src/tests/routers/comments_test.py::test_deleteAllPostComments_Ok FAILED ❌                         [ 64%]
100      src/tests/routers/comments_test.py::test_deleteAllPostComments_NoContent FAILED ❌                  [ 64%]
101      src/tests/routers/posts_test.py::test_getPosts_Ok FAILED ❌                                         [ 65%]
102      src/tests/routers/posts_test.py::test_getPostById_Ok FAILED ❌                                      [ 66%]
103      src/tests/routers/posts_test.py::test_getPostsByCreator_Ok FAILED ❌                                [ 66%]
104      src/tests/routers/posts_test.py::test_updatePost_BadRequest FAILED ❌                               [ 67%]
105      src/tests/routers/posts_test.py::test_updatePost_NotFound FAILED ❌                                 [ 68%]
106      src/tests/routers/posts_test.py::test_updatePost_NoContent FAILED ❌                                [ 68%]
107      src/tests/routers/posts_test.py::test_updatePost_User_NotFound FAILED ❌                            [ 69%]
108      src/tests/routers/posts_test.py::test_updatePost_Created FAILED ❌                                  [ 70%]
109      src/tests/routers/posts_test.py::test_deletePost_BadRequest FAILED ❌                               [ 70%]
110      src/tests/routers/posts_test.py::test_deletePost_NotFound FAILED ❌                                 [ 71%]
111      src/tests/routers/posts_test.py::test_deletePost_Ok FAILED ❌                                       [ 72%]
112      src/tests/routers/posts_test.py::test_deleteAllCreatorPosts_NotFound FAILED ❌                      [ 72%]
113      src/tests/routers/posts_test.py::test_deleteAllCreatorPosts_Ok FAILED ❌                            [ 73%]
114      src/tests/routers/routines_test.py::test_getRoutineByCreator_NoContent FAILED ❌                    [ 74%]
115      src/tests/routers/routines_test.py::test_addRoutine_NotFound FAILED ❌                              [ 74%]
116      src/tests/routers/routines_test.py::test_addRoutine_Created FAILED ❌                               [ 75%]
117      src/tests/routers/routines_test.py::test_getRoutines_Ok FAILED ❌                                   [ 75%]
118      src/tests/routers/routines_test.py::test_getRoutineById_Ok FAILED ❌                                [ 76%]
119      src/tests/routers/routines_test.py::test_getRoutinesByCreator_Ok FAILED ❌                          [ 77%]
120      src/tests/routers/routines_test.py::test_updateRoutine_BadRequest FAILED ❌                         [ 77%]
121      src/tests/routers/routines_test.py::test_updateRoutine_NotFound FAILED ❌                           [ 78%]
122      src/tests/routers/routines_test.py::test_updateRoutine_NoContent FAILED ❌                          [ 79%]
123      src/tests/routers/routines_test.py::test_updateRoutine_UserNotFound FAILED ❌                       [ 79%]
124      src/tests/routers/routines_test.py::test_updateRoutine_Created FAILED ❌                            [ 80%]
125      src/tests/routers/routines_test.py::test_deleteRoutine_BadRequest FAILED ❌                         [ 81%]
126      src/tests/routers/routines_test.py::test_deleteRoutine_NotFound FAILED ❌                           [ 81%]
127      src/tests/routers/routines_test.py::test_deleteRoutine_Ok FAILED ❌                                 [ 82%]
128      src/tests/routers/routines_test.py::test_deleteAllCreatorRoutines_NotFound FAILED ❌                [ 83%]
129      src/tests/routers/routines_test.py::test_deleteAllCreatorRoutines_Ok FAILED ❌                      [ 83%]
130      src/tests/routers/users_test.py::test_getPublicUsers_BadRequest FAILED ❌                           [ 84%]
131      src/tests/routers/users_test.py::test_getPublicUsers_All_Ok FAILED ❌                               [ 85%]
132      src/tests/routers/users_test.py::test_getPublicUsers_ById_Ok FAILED ❌                              [ 85%]
133      src/tests/routers/users_test.py::test_getPublicUsers_ByUsername_Ok FAILED ❌                        [ 86%]
134      src/tests/routers/users_test.py::test_followUser_Ok FAILED ❌                                       [ 87%]
135      src/tests/routers/users_test.py::test_followUser_NoContent FAILED ❌                                [ 87%]
136      src/tests/routers/users_test.py::test_unfollowUser_Ok FAILED ❌                                     [ 88%]
137      src/tests/routers/users_test.py::test_unfollowUser_NoContent FAILED ❌                              [ 88%]
138      src/tests/routers/users_test.py::test_getUsers_Ok FAILED ❌                                         [ 89%]
139      src/tests/routers/users_test.py::test_addUser_Conflict PASSED ✅                                    [ 90%]
140      src/tests/routers/users_test.py::test_getUserById_Ok FAILED ❌                                      [ 90%]
141      src/tests/routers/users_test.py::test_getUserById_BadRequest FAILED ❌                              [ 91%]
142      src/tests/routers/users_test.py::test_getUserById_NotFound FAILED ❌                                [ 92%]
143      src/tests/routers/users_test.py::test_getUserByUsername_Ok FAILED ❌                                [ 92%]
144      src/tests/routers/users_test.py::test_updateUser_NoContent FAILED ❌                                [ 93%]
145      src/tests/routers/users_test.py::test_updateUser_Ok FAILED ❌                                       [ 94%]
146      src/tests/routers/users_test.py::test_getUserByUsername_NotFound FAILED ❌                          [ 94%]
147      src/tests/routers/users_test.py::test_updateUser_BadRequest FAILED ❌                               [ 95%]
148      src/tests/routers/users_test.py::test_updateUser_NotFound FAILED ❌                                 [ 96%]
149      src/tests/routers/users_test.py::test_updateUser_Conflict FAILED ❌                                 [ 96%]
150      src/tests/routers/users_test.py::test_deleteUser_Ok FAILED ❌                                       [ 97%]
151      src/tests/routers/users_test.py::test_deleteUser_BadRequest FAILED ❌                               [ 98%]
152      src/tests/routers/users_test.py::test_deleteUser_NotFound FAILED ❌                                 [ 98%]
153      src/tests/routers/users_test.py::test_deleteAllUsers_Ok FAILED ❌                                   [ 99%]
154      src/tests/routers/users_test.py::test_getUsers_NoContent FAILED ❌                                  [100%]


There are 154 tests

